Ê[INFO] Tue Jun 02 12:07:01 BST 2020: Into ShipSelection State
[INFO] Tue Jun 02 12:07:35 BST 2020: Into OnPlanet State
[INFO] Tue Jun 02 12:07:36 BST 2020: Wants to go on expedition
[INFO] Tue Jun 02 12:07:36 BST 2020: Alien spawned.
[INFO] Tue Jun 02 12:07:36 BST 2020: Expedition prepared.
[INFO] Tue Jun 02 12:07:36 BST 2020: Into OnExpeditionState State
[INFO] Tue Jun 02 12:07:37 BST 2020: Drone moved
[INFO] Tue Jun 02 12:07:37 BST 2020: Alien moved
[INFO] Tue Jun 02 12:07:38 BST 2020: Drone moved
[INFO] Tue Jun 02 12:07:38 BST 2020: Alien moved
[INFO] Tue Jun 02 12:07:38 BST 2020: Alien attacks
[INFO] Tue Jun 02 12:07:38 BST 2020: Alien missed
[INFO] Tue Jun 02 12:07:38 BST 2020: Drone attacks
[INFO] Tue Jun 02 12:07:38 BST 2020: Drone missed
[INFO] Tue Jun 02 12:07:38 BST 2020: Alien attacks
[INFO] Tue Jun 02 12:07:38 BST 2020: Alien damaged drone
[INFO] Tue Jun 02 12:07:38 BST 2020: Drone attacks
[INFO] Tue Jun 02 12:07:38 BST 2020: Drone destroyed alien
[INFO] Tue Jun 02 12:07:38 BST 2020: Drone moved
[INFO] Tue Jun 02 12:07:38 BST 2020: Alien spawned.
[INFO] Tue Jun 02 12:07:39 BST 2020: Drone moved
[INFO] Tue Jun 02 12:07:39 BST 2020: Alien moved
[INFO] Tue Jun 02 12:07:40 BST 2020: Drone moved
[INFO] Tue Jun 02 12:07:40 BST 2020: Drone attacks
[INFO] Tue Jun 02 12:07:40 BST 2020: Drone destroyed alien
[INFO] Tue Jun 02 12:07:40 BST 2020: Drone moved
[INFO] Tue Jun 02 12:07:40 BST 2020: Drone moved
[INFO] Tue Jun 02 12:07:40 BST 2020: Drone moved
[INFO] Tue Jun 02 12:07:40 BST 2020: Alien spawned.
[INFO] Tue Jun 02 12:07:40 BST 2020: Drone moved
[INFO] Tue Jun 02 12:07:40 BST 2020: Alien moved
[INFO] Tue Jun 02 12:07:41 BST 2020: Drone moved
[INFO] Tue Jun 02 12:07:41 BST 2020: Drone took resource
[INFO] Tue Jun 02 12:07:41 BST 2020: Alien moved
[INFO] Tue Jun 02 12:07:41 BST 2020: Drone moved
[INFO] Tue Jun 02 12:07:41 BST 2020: Alien moved
[INFO] Tue Jun 02 12:07:41 BST 2020: Drone moved
[INFO] Tue Jun 02 12:07:41 BST 2020: Alien moved
[INFO] Tue Jun 02 12:07:41 BST 2020: Alien attacks
[INFO] Tue Jun 02 12:07:41 BST 2020: Alien damaged drone
[INFO] Tue Jun 02 12:07:41 BST 2020: Drone attacks
[INFO] Tue Jun 02 12:07:41 BST 2020: Drone missed
[INFO] Tue Jun 02 12:07:41 BST 2020: Alien attacks
[INFO] Tue Jun 02 12:07:41 BST 2020: Alien missed
[INFO] Tue Jun 02 12:07:41 BST 2020: Drone attacks
[INFO] Tue Jun 02 12:07:41 BST 2020: Drone missed
[INFO] Tue Jun 02 12:07:41 BST 2020: Alien attacks
[INFO] Tue Jun 02 12:07:41 BST 2020: Alien missed
[INFO] Tue Jun 02 12:07:41 BST 2020: Drone attacks
[INFO] Tue Jun 02 12:07:41 BST 2020: Drone missed
[INFO] Tue Jun 02 12:07:41 BST 2020: Alien attacks
[INFO] Tue Jun 02 12:07:41 BST 2020: Alien missed
[INFO] Tue Jun 02 12:07:41 BST 2020: Drone attacks
[INFO] Tue Jun 02 12:07:41 BST 2020: Drone missed
[INFO] Tue Jun 02 12:07:41 BST 2020: Alien attacks
[INFO] Tue Jun 02 12:07:41 BST 2020: Alien missed
[INFO] Tue Jun 02 12:07:41 BST 2020: Drone attacks
[INFO] Tue Jun 02 12:07:41 BST 2020: Drone missed
[INFO] Tue Jun 02 12:07:41 BST 2020: Alien attacks
[INFO] Tue Jun 02 12:07:41 BST 2020: Alien missed
[INFO] Tue Jun 02 12:07:41 BST 2020: Drone attacks
[INFO] Tue Jun 02 12:07:41 BST 2020: Drone destroyed alien
[INFO] Tue Jun 02 12:07:42 BST 2020: Drone moved
[INFO] Tue Jun 02 12:07:42 BST 2020: Drone moved
[INFO] Tue Jun 02 12:07:42 BST 2020: Drone moved
[INFO] Tue Jun 02 12:07:42 BST 2020: Drone moved
[INFO] Tue Jun 02 12:07:42 BST 2020: Alien spawned.
[INFO] Tue Jun 02 12:07:43 BST 2020: Drone moved
[INFO] Tue Jun 02 12:07:43 BST 2020: Alien moved
[INFO] Tue Jun 02 12:07:43 BST 2020: Drone moved
[INFO] Tue Jun 02 12:07:43 BST 2020: Alien moved
[INFO] Tue Jun 02 12:07:43 BST 2020: Drone moved
[INFO] Tue Jun 02 12:07:43 BST 2020: Drone is back with resource
[INFO] Tue Jun 02 12:07:43 BST 2020: 3 GREEN resource(s) added
[INFO] Tue Jun 02 12:07:43 BST 2020: Into OnPlanet State
[INFO] Tue Jun 02 12:07:47 BST 2020: Game has been saved to 1111.pbs file.
[INFO] Tue Jun 02 12:07:47 BST 2020: Log has been saved to 1111.log file.
[INFO] Tue Jun 02 12:08:05 BST 2020: Game has been loaded from 1111.pbs
[INFO] Tue Jun 02 12:08:08 BST 2020: Wants to go on expedition
[INFO] Tue Jun 02 12:08:08 BST 2020: Alien spawned.
[INFO] Tue Jun 02 12:08:08 BST 2020: Expedition prepared.
[INFO] Tue Jun 02 12:08:08 BST 2020: Into OnExpeditionState State
[INFO] Tue Jun 02 12:08:09 BST 2020: Drone moved
[INFO] Tue Jun 02 12:08:09 BST 2020: Alien moved
[INFO] Tue Jun 02 12:08:09 BST 2020: Drone moved
[INFO] Tue Jun 02 12:08:09 BST 2020: Alien moved
[INFO] Tue Jun 02 12:08:09 BST 2020: Alien attacks
[INFO] Tue Jun 02 12:08:09 BST 2020: Alien damaged drone
[INFO] Tue Jun 02 12:08:09 BST 2020: Drone attacks
[INFO] Tue Jun 02 12:08:09 BST 2020: Drone destroyed alien
[INFO] Tue Jun 02 12:08:09 BST 2020: Drone moved
[INFO] Tue Jun 02 12:08:09 BST 2020: Drone moved
[INFO] Tue Jun 02 12:08:10 BST 2020: Drone moved
[INFO] Tue Jun 02 12:08:10 BST 2020: Drone moved
[INFO] Tue Jun 02 12:08:10 BST 2020: Alien spawned.
[INFO] Tue Jun 02 12:08:10 BST 2020: Drone moved
[INFO] Tue Jun 02 12:08:10 BST 2020: Alien moved
[INFO] Tue Jun 02 12:08:10 BST 2020: Drone moved
[INFO] Tue Jun 02 12:08:10 BST 2020: Drone took resource
[INFO] Tue Jun 02 12:08:10 BST 2020: Alien moved
[INFO] Tue Jun 02 12:08:11 BST 2020: Drone moved
[INFO] Tue Jun 02 12:08:11 BST 2020: Alien moved
[INFO] Tue Jun 02 12:08:11 BST 2020: Alien attacks
[INFO] Tue Jun 02 12:08:11 BST 2020: Alien missed
[INFO] Tue Jun 02 12:08:11 BST 2020: Drone attacks
[INFO] Tue Jun 02 12:08:11 BST 2020: Drone destroyed alien
[INFO] Tue Jun 02 12:08:11 BST 2020: Drone moved
[INFO] Tue Jun 02 12:08:11 BST 2020: Drone moved
[INFO] Tue Jun 02 12:08:11 BST 2020: Drone moved
[INFO] Tue Jun 02 12:08:11 BST 2020: Drone moved
[INFO] Tue Jun 02 12:08:11 BST 2020: Drone moved
[INFO] Tue Jun 02 12:08:11 BST 2020: Alien spawned.
[INFO] Tue Jun 02 12:08:12 BST 2020: Drone moved
[INFO] Tue Jun 02 12:08:12 BST 2020: Alien moved
[INFO] Tue Jun 02 12:08:12 BST 2020: Drone moved
[INFO] Tue Jun 02 12:08:12 BST 2020: Drone is back with resource
[INFO] Tue Jun 02 12:08:12 BST 2020: 4 RED resource(s) added
[INFO] Tue Jun 02 12:08:12 BST 2020: Into OnPlanet State
[INFO] Tue Jun 02 12:08:16 BST 2020: Game has been saved to 1111.pbs file.
[INFO] Tue Jun 02 12:08:16 BST 2020: Log has been saved to 1111.log file.
